MiModa/app/build/intermediates/manifest_merge_blame_file/debug/manifest-merger-blame-debug-report.txt
1<?xml version="1.0" encoding="utf-8"?>
2<manifest xmlns:android="http://schemas.android.com/apk/res/android"
3    package="com.example.mimoda"
4    android:versionCode="1"
5    android:versionName="1.0" >
6
7    <uses-sdk
8        android:minSdkVersion="26"
8-->src\main\AndroidManifest.xml
9        android:targetSdkVersion="29" />
9-->src\main\AndroidManifest.xml
10
11    <uses-feature
11-->src\main\AndroidManifest.xml:5:5-6:35
12        android:name="android.hardware.camera"
12-->src\main\AndroidManifest.xml:5:19-57
13        android:required="true" />
13-->src\main\AndroidManifest.xml:6:9-32
14
15    <uses-permission android:name="android.permission.INTERNET" />
15-->src\main\AndroidManifest.xml:8:5-67
15-->src\main\AndroidManifest.xml:8:22-64
16    <uses-permission android:name="android.permission.ACCESS_NETWORK_STATE" />
16-->src\main\AndroidManifest.xml:9:5-79
16-->src\main\AndroidManifest.xml:9:22-76
17    <uses-permission android:name="android.permission.READ_EXTERNAL_STORAGE" />
17-->src\main\AndroidManifest.xml:10:5-80
17-->src\main\AndroidManifest.xml:10:22-77
18    <uses-permission android:name="android.permission.WRITE_EXTERNAL_STORAGE" />
18-->src\main\AndroidManifest.xml:11:5-81
18-->src\main\AndroidManifest.xml:11:22-78
19
20    <application
20-->src\main\AndroidManifest.xml:13:5-30:19
21        android:allowBackup="true"
21-->src\main\AndroidManifest.xml:15:9-35
22        android:appComponentFactory="androidx.core.app.CoreComponentFactory"
22-->[androidx.core:core:1.0.1] AndroidManifest.xml:22:18-86
23        android:debuggable="true"
24        android:icon="@drawable/logo"
24-->src\main\AndroidManifest.xml:16:9-38
25        android:label="@string/app_name"
25-->src\main\AndroidManifest.xml:17:9-41
26        android:networkSecurityConfig="@xml/network_security_config"
26-->src\main\AndroidManifest.xml:14:9-69
27        android:roundIcon="@mipmap/ic_launcher_round"
27-->src\main\AndroidManifest.xml:18:9-54
28        android:supportsRtl="true"
28-->src\main\AndroidManifest.xml:19:9-35
29        android:testOnly="true"
30        android:theme="@style/AppTheme" >
30-->src\main\AndroidManifest.xml:20:9-40
31        <activity
31-->src\main\AndroidManifest.xml:21:9-29:20
32            android:name="com.example.mimoda.MainActivity"
32-->src\main\AndroidManifest.xml:21:19-47
33            android:screenOrientation="portrait" >
33-->src\main\AndroidManifest.xml:22:19-55
34            <intent-filter>
34-->src\main\AndroidManifest.xml:23:13-27:29
35                <action android:name="android.intent.action.MAIN" />
35-->src\main\AndroidManifest.xml:24:17-69
35-->src\main\AndroidManifest.xml:24:25-66
36
37                <category android:name="android.intent.category.LAUNCHER" />
37-->src\main\AndroidManifest.xml:26:17-77
37-->src\main\AndroidManifest.xml:26:27-74
38            </intent-filter>
39        </activity>
40    </application>
41
42</manifest>